<?xml version="1.0" encoding="UTF-8"?>
<!-- Generated by org.testng.reporters.JUnitXMLReporter -->
<testsuite ignored="0" hostname="DESKTOP-VRA6ON9" failures="0" tests="5" name="Default test" time="31.39" errors="0" timestamp="2024-10-16T20:16:54 EEST">
  <testcase classname="AddToCart.TestCase_1" name="AddingItems_to_cart_successfully" time="2.624"/>
  <testcase classname="AddToCart.TestCase_1" name="AddingOneItem_to_cart_successfully" time="1.92"/>
  <testcase classname="AddToCart.TestCase_1" name="Inventory_remove_button" time="12.065"/>
  <testcase classname="AddToCart.TestCase_1" name="cart_continue_shopping_button" time="3.605"/>
  <testcase classname="AddToCart.TestCase_1" name="cart_remove_button" time="11.152"/>
</testsuite> <!-- Default test -->
